<?xml version="1.0" encoding="UTF-8"?>
<testsuite xmlns:xsi="http://www.w3.org/2001/XMLSchema-instance" xsi:noNamespaceSchemaLocation="https://maven.apache.org/surefire/maven-surefire-plugin/xsd/surefire-test-report-3.0.xsd" version="3.0" name="com.reedmanit.retirementdrawdown.service.DrawDownServiceTest" time="0.369" tests="1" errors="0" skipped="0" failures="0">
  <properties>
[...]
</properties>
  <testcase name="testGetListOfDrawns" classname="com.reedmanit.retirementdrawdown.service.DrawDownServiceTest" time="0.333">
    <system-out><![CDATA[getListOfDrawns
Year Open Balance Withdrawal Income Close Balance 
1 800000.0 72100.0 40000.0 767900.0
2 767900.0 74263.0 38395.0 732032.0
3 732032.0 76490.89 36601.6 692142.71
4 692142.71 78785.62 34607.14 647964.23
5 647964.23 81149.19 32398.21 599213.25
6 599213.25 83583.67 29960.66 545590.24
7 545590.24 86091.18 27279.51 486778.57
8 486778.57 88673.92 24338.93 422443.58
9 422443.58 91334.14 21122.18 352231.62
10 352231.62 94074.16 17611.58 275769.04
11 275769.04 96896.38 13788.45 192661.11
12 192661.11 99803.27 9633.06 102490.9
13 102490.9 102797.37 5124.55 4818.08
14 4818.08 105881.29 240.9 0.0
]]></system-out>
  </testcase>
</testsuite>